<?xml version="1.0" encoding="UTF-8"?>
<testng-results ignored="0" total="1" passed="1" failed="0" skipped="0">
  <reporter-output>
  </reporter-output>
  <suite started-at="2020-03-26T16:48:09 IST" name="Default suite" finished-at="2020-03-26T16:49:02 IST" duration-ms="52833">
    <groups>
    </groups>
    <test started-at="2020-03-26T16:48:09 IST" name="Default test" finished-at="2020-03-26T16:49:02 IST" duration-ms="52833">
      <class name="TestNgClasses.NewTest">
        <test-method is-config="true" signature="BM()[pri:0, instance:TestNgClasses.NewTest@7b227d8d]" started-at="2020-03-26T16:48:10 IST" name="BM" finished-at="2020-03-26T16:48:29 IST" duration-ms="18282" status="PASS">
          <reporter-output>
          </reporter-output>
        </test-method> <!-- BM -->
        <test-method signature="ProductRemoval(java.lang.String, java.lang.String)[pri:0, instance:TestNgClasses.NewTest@7b227d8d]" started-at="2020-03-26T16:48:29 IST" name="ProductRemoval" data-provider="LoginData" finished-at="2020-03-26T16:49:02 IST" duration-ms="33430" status="PASS">
          <params>
            <param index="0">
              <value>
                <![CDATA[vinodkumard02@gmail.com]]>
              </value>
            </param>
            <param index="1">
              <value>
                <![CDATA[Asd1234]]>
              </value>
            </param>
          </params>
          <reporter-output>
          </reporter-output>
        </test-method> <!-- ProductRemoval -->
      </class> <!-- TestNgClasses.NewTest -->
    </test> <!-- Default test -->
  </suite> <!-- Default suite -->
</testng-results>
